<?xml version="1.0" encoding="UTF-8"?>
<testsuite name="com.ahn.book.springboot.web.domain.posts.PostsRepositoryTest" tests="2" skipped="0" failures="0" errors="0" timestamp="2020-05-20T01:30:13" hostname="DESKTOP-M250F81" time="0.231">
  <properties/>
  <testcase name="게시글저장_불러오기" classname="com.ahn.book.springboot.web.domain.posts.PostsRepositoryTest" time="0.219"/>
  <testcase name="BaseTimeEntity_등록" classname="com.ahn.book.springboot.web.domain.posts.PostsRepositoryTest" time="0.011"/>
  <system-out><![CDATA[2020-05-20 10:30:08.402  INFO 10008 --- [    Test worker] .b.t.c.SpringBootTestContextBootstrapper : Neither @ContextConfiguration nor @ContextHierarchy found for test class [com.ahn.book.springboot.web.domain.posts.PostsRepositoryTest], using SpringBootContextLoader
2020-05-20 10:30:08.402  INFO 10008 --- [    Test worker] o.s.t.c.support.AbstractContextLoader    : Could not detect default resource locations for test class [com.ahn.book.springboot.web.domain.posts.PostsRepositoryTest]: no resource found for suffixes {-context.xml, Context.groovy}.
2020-05-20 10:30:08.402  INFO 10008 --- [    Test worker] t.c.s.AnnotationConfigContextLoaderUtils : Could not detect default configuration classes for test class [com.ahn.book.springboot.web.domain.posts.PostsRepositoryTest]: PostsRepositoryTest does not declare any static, non-private, non-final, nested classes annotated with @Configuration.
2020-05-20 10:30:08.418  INFO 10008 --- [    Test worker] .b.t.c.SpringBootTestContextBootstrapper : Found @SpringBootConfiguration com.ahn.book.springboot.Application for test class com.ahn.book.springboot.web.domain.posts.PostsRepositoryTest
2020-05-20 10:30:08.418  INFO 10008 --- [    Test worker] .b.t.c.SpringBootTestContextBootstrapper : Loaded default TestExecutionListener class names from location [META-INF/spring.factories]: [org.springframework.security.test.context.support.WithSecurityContextTestExecutionListener, org.springframework.security.test.context.support.ReactorContextTestExecutionListener, org.springframework.boot.test.autoconfigure.restdocs.RestDocsTestExecutionListener, org.springframework.boot.test.autoconfigure.web.client.MockRestServiceServerResetTestExecutionListener, org.springframework.boot.test.autoconfigure.web.servlet.MockMvcPrintOnlyOnFailureTestExecutionListener, org.springframework.boot.test.autoconfigure.web.servlet.WebDriverTestExecutionListener, org.springframework.boot.test.mock.mockito.MockitoTestExecutionListener, org.springframework.boot.test.mock.mockito.ResetMocksTestExecutionListener, org.springframework.test.context.web.ServletTestExecutionListener, org.springframework.test.context.support.DirtiesContextBeforeModesTestExecutionListener, org.springframework.test.context.support.DependencyInjectionTestExecutionListener, org.springframework.test.context.support.DirtiesContextTestExecutionListener, org.springframework.test.context.transaction.TransactionalTestExecutionListener, org.springframework.test.context.jdbc.SqlScriptsTestExecutionListener]
2020-05-20 10:30:08.418  INFO 10008 --- [    Test worker] .b.t.c.SpringBootTestContextBootstrapper : Using TestExecutionListeners: [org.springframework.test.context.web.ServletTestExecutionListener@3fa5e44f, org.springframework.test.context.support.DirtiesContextBeforeModesTestExecutionListener@79305317, org.springframework.boot.test.mock.mockito.MockitoTestExecutionListener@28f11bae, org.springframework.boot.test.autoconfigure.SpringBootDependencyInjectionTestExecutionListener@2aef7b45, org.springframework.test.context.support.DirtiesContextTestExecutionListener@3a7875cb, org.springframework.test.context.transaction.TransactionalTestExecutionListener@412b2178, org.springframework.test.context.jdbc.SqlScriptsTestExecutionListener@61276e98, org.springframework.security.test.context.support.WithSecurityContextTestExecutionListener@30c304aa, org.springframework.security.test.context.support.ReactorContextTestExecutionListener@496ce954, org.springframework.boot.test.autoconfigure.restdocs.RestDocsTestExecutionListener@515431e0, org.springframework.boot.test.autoconfigure.web.client.MockRestServiceServerResetTestExecutionListener@b5dd6fc, org.springframework.boot.test.autoconfigure.web.servlet.MockMvcPrintOnlyOnFailureTestExecutionListener@23137569, org.springframework.boot.test.autoconfigure.web.servlet.WebDriverTestExecutionListener@d9b1e16, org.springframework.boot.test.mock.mockito.ResetMocksTestExecutionListener@7d30e574]

  .   ____          _            __ _ _
 /\\ / ___'_ __ _ _(_)_ __  __ _ \ \ \ \
( ( )\___ | '_ | '_| | '_ \/ _` | \ \ \ \
 \\/  ___)| |_)| | | | | || (_| |  ) ) ) )
  '  |____| .__|_| |_|_| |_\__, | / / / /
 =========|_|==============|___/=/_/_/_/
 :: Spring Boot ::        (v2.1.7.RELEASE)

2020-05-20 10:30:08.449  INFO 10008 --- [    Test worker] c.a.b.s.w.d.posts.PostsRepositoryTest    : Starting PostsRepositoryTest on DESKTOP-M250F81 with PID 10008 (started by admin in C:\Users\admin\IdeaProjects\ahn-springboot-webservice)
2020-05-20 10:30:08.449  INFO 10008 --- [    Test worker] c.a.b.s.w.d.posts.PostsRepositoryTest    : No active profile set, falling back to default profiles: default
2020-05-20 10:30:08.933  INFO 10008 --- [    Test worker] .s.d.r.c.RepositoryConfigurationDelegate : Bootstrapping Spring Data repositories in DEFAULT mode.
2020-05-20 10:30:09.027  INFO 10008 --- [    Test worker] .s.d.r.c.RepositoryConfigurationDelegate : Finished Spring Data repository scanning in 78ms. Found 2 repository interfaces.
2020-05-20 10:30:09.339  INFO 10008 --- [    Test worker] trationDelegate$BeanPostProcessorChecker : Bean 'org.springframework.transaction.annotation.ProxyTransactionManagementConfiguration' of type [org.springframework.transaction.annotation.ProxyTransactionManagementConfiguration$$EnhancerBySpringCGLIB$$29fcd628] is not eligible for getting processed by all BeanPostProcessors (for example: not eligible for auto-proxying)
2020-05-20 10:30:09.542  INFO 10008 --- [    Test worker] com.zaxxer.hikari.HikariDataSource       : HikariPool-1 - Starting...
2020-05-20 10:30:09.745  INFO 10008 --- [    Test worker] com.zaxxer.hikari.HikariDataSource       : HikariPool-1 - Start completed.
2020-05-20 10:30:09.855  INFO 10008 --- [    Test worker] o.hibernate.jpa.internal.util.LogHelper  : HHH000204: Processing PersistenceUnitInfo [
	name: default
	...]
2020-05-20 10:30:09.964  INFO 10008 --- [    Test worker] org.hibernate.Version                    : HHH000412: Hibernate Core {5.3.10.Final}
2020-05-20 10:30:09.964  INFO 10008 --- [    Test worker] org.hibernate.cfg.Environment            : HHH000206: hibernate.properties not found
2020-05-20 10:30:10.058  INFO 10008 --- [    Test worker] o.hibernate.annotations.common.Version   : HCANN000001: Hibernate Commons Annotations {5.0.4.Final}
2020-05-20 10:30:10.292  INFO 10008 --- [    Test worker] org.hibernate.dialect.Dialect            : HHH000400: Using dialect: org.hibernate.dialect.MySQL5InnoDBDialect
Hibernate: drop table if exists posts
Hibernate: drop table if exists user
Hibernate: create table posts (id bigint not null auto_increment, create_date datetime, modified_date datetime, author varchar(255), content TEXT not null, title varchar(500) not null, primary key (id)) engine=InnoDB
Hibernate: create table user (id bigint not null auto_increment, create_date datetime, modified_date datetime, email varchar(255) not null, name varchar(255) not null, picture varchar(255), role varchar(255) not null, primary key (id)) engine=InnoDB
2020-05-20 10:30:11.386  INFO 10008 --- [    Test worker] o.h.t.schema.internal.SchemaCreatorImpl  : HHH000476: Executing import script 'org.hibernate.tool.schema.internal.exec.ScriptSourceInputNonExistentImpl@4ba57b8e'
2020-05-20 10:30:11.386  INFO 10008 --- [    Test worker] j.LocalContainerEntityManagerFactoryBean : Initialized JPA EntityManagerFactory for persistence unit 'default'
2020-05-20 10:30:12.011  INFO 10008 --- [    Test worker] o.h.h.i.QueryTranslatorFactoryInitiator  : HHH000397: Using ASTQueryTranslatorFactory
2020-05-20 10:30:12.401  INFO 10008 --- [    Test worker] o.s.s.web.DefaultSecurityFilterChain     : Creating filter chain: any request, [org.springframework.security.web.context.request.async.WebAsyncManagerIntegrationFilter@635797c9, org.springframework.security.web.context.SecurityContextPersistenceFilter@4f62c2a8, org.springframework.security.web.header.HeaderWriterFilter@42e53a46, org.springframework.security.web.authentication.logout.LogoutFilter@67a299a3, org.springframework.security.oauth2.client.web.OAuth2AuthorizationRequestRedirectFilter@696ea532, org.springframework.security.oauth2.client.web.OAuth2LoginAuthenticationFilter@24757db6, org.springframework.security.web.authentication.ui.DefaultLoginPageGeneratingFilter@3e0c7b48, org.springframework.security.web.authentication.ui.DefaultLogoutPageGeneratingFilter@e56d73b, org.springframework.security.web.savedrequest.RequestCacheAwareFilter@73d47429, org.springframework.security.web.servletapi.SecurityContextHolderAwareRequestFilter@1888571f, org.springframework.security.web.authentication.AnonymousAuthenticationFilter@1c1938a, org.springframework.security.web.session.SessionManagementFilter@448c45db, org.springframework.security.web.access.ExceptionTranslationFilter@3fa06548, org.springframework.security.web.access.intercept.FilterSecurityInterceptor@65301050]
2020-05-20 10:30:12.854  INFO 10008 --- [    Test worker] o.s.s.concurrent.ThreadPoolTaskExecutor  : Initializing ExecutorService 'applicationTaskExecutor'
2020-05-20 10:30:12.870  WARN 10008 --- [    Test worker] aWebConfiguration$JpaWebMvcConfiguration : spring.jpa.open-in-view is enabled by default. Therefore, database queries may be performed during view rendering. Explicitly configure spring.jpa.open-in-view to disable this warning
2020-05-20 10:30:12.901  INFO 10008 --- [    Test worker] o.s.b.a.w.s.WelcomePageHandlerMapping    : Adding welcome page template: index
2020-05-20 10:30:13.416  INFO 10008 --- [    Test worker] s.a.ScheduledAnnotationBeanPostProcessor : No TaskScheduler/ScheduledExecutorService bean found for scheduled processing
2020-05-20 10:30:13.416  INFO 10008 --- [    Test worker] c.a.b.s.w.d.posts.PostsRepositoryTest    : Started PostsRepositoryTest in 4.998 seconds (JVM running for 9.189)
Hibernate: insert into posts (create_date, modified_date, author, content, title) values (?, ?, ?, ?, ?)
Hibernate: select posts0_.id as id1_0_, posts0_.create_date as create_d2_0_, posts0_.modified_date as modified3_0_, posts0_.author as author4_0_, posts0_.content as content5_0_, posts0_.title as title6_0_ from posts posts0_
Hibernate: select posts0_.id as id1_0_, posts0_.create_date as create_d2_0_, posts0_.modified_date as modified3_0_, posts0_.author as author4_0_, posts0_.content as content5_0_, posts0_.title as title6_0_ from posts posts0_
Hibernate: delete from posts where id=?
Hibernate: insert into posts (create_date, modified_date, author, content, title) values (?, ?, ?, ?, ?)
Hibernate: select posts0_.id as id1_0_, posts0_.create_date as create_d2_0_, posts0_.modified_date as modified3_0_, posts0_.author as author4_0_, posts0_.content as content5_0_, posts0_.title as title6_0_ from posts posts0_
>>>>>>>>>> createDate=2020-05-20T10:30:13.651, modifiedDate=2020-05-20T10:30:13.651
Hibernate: select posts0_.id as id1_0_, posts0_.create_date as create_d2_0_, posts0_.modified_date as modified3_0_, posts0_.author as author4_0_, posts0_.content as content5_0_, posts0_.title as title6_0_ from posts posts0_
Hibernate: delete from posts where id=?
]]></system-out>
  <system-err><![CDATA[]]></system-err>
</testsuite>
