<?xml version="1.0" encoding="UTF-8"?>
<testsuite name="com.ahn.book.springboot.web.HelloControllerTest" tests="2" skipped="0" failures="0" errors="0" timestamp="2020-05-20T01:30:08" hostname="DESKTOP-M250F81" time="0.332">
  <properties/>
  <testcase name="hello가_리턴된다" classname="com.ahn.book.springboot.web.HelloControllerTest" time="0.258"/>
  <testcase name="helloDto가_리턴된다" classname="com.ahn.book.springboot.web.HelloControllerTest" time="0.073"/>
  <system-out><![CDATA[10:30:05.012 [Test worker] DEBUG org.springframework.test.context.junit4.SpringJUnit4ClassRunner - SpringJUnit4ClassRunner constructor called with [class com.ahn.book.springboot.web.HelloControllerTest]
10:30:05.012 [Test worker] DEBUG org.springframework.test.context.BootstrapUtils - Instantiating CacheAwareContextLoaderDelegate from class [org.springframework.test.context.cache.DefaultCacheAwareContextLoaderDelegate]
10:30:05.028 [Test worker] DEBUG org.springframework.test.context.BootstrapUtils - Instantiating BootstrapContext using constructor [public org.springframework.test.context.support.DefaultBootstrapContext(java.lang.Class,org.springframework.test.context.CacheAwareContextLoaderDelegate)]
10:30:05.059 [Test worker] DEBUG org.springframework.test.context.BootstrapUtils - Instantiating TestContextBootstrapper for test class [com.ahn.book.springboot.web.HelloControllerTest] from class [org.springframework.boot.test.autoconfigure.web.servlet.WebMvcTestContextBootstrapper]
10:30:05.090 [Test worker] INFO org.springframework.boot.test.autoconfigure.web.servlet.WebMvcTestContextBootstrapper - Neither @ContextConfiguration nor @ContextHierarchy found for test class [com.ahn.book.springboot.web.HelloControllerTest], using SpringBootContextLoader
10:30:05.090 [Test worker] DEBUG org.springframework.test.context.support.AbstractContextLoader - Did not detect default resource location for test class [com.ahn.book.springboot.web.HelloControllerTest]: class path resource [com/ahn/book/springboot/web/HelloControllerTest-context.xml] does not exist
10:30:05.090 [Test worker] DEBUG org.springframework.test.context.support.AbstractContextLoader - Did not detect default resource location for test class [com.ahn.book.springboot.web.HelloControllerTest]: class path resource [com/ahn/book/springboot/web/HelloControllerTestContext.groovy] does not exist
10:30:05.090 [Test worker] INFO org.springframework.test.context.support.AbstractContextLoader - Could not detect default resource locations for test class [com.ahn.book.springboot.web.HelloControllerTest]: no resource found for suffixes {-context.xml, Context.groovy}.
10:30:05.090 [Test worker] INFO org.springframework.test.context.support.AnnotationConfigContextLoaderUtils - Could not detect default configuration classes for test class [com.ahn.book.springboot.web.HelloControllerTest]: HelloControllerTest does not declare any static, non-private, non-final, nested classes annotated with @Configuration.
10:30:05.184 [Test worker] DEBUG org.springframework.test.context.support.ActiveProfilesUtils - Could not find an 'annotation declaring class' for annotation type [org.springframework.test.context.ActiveProfiles] and class [com.ahn.book.springboot.web.HelloControllerTest]
10:30:05.262 [Test worker] DEBUG org.springframework.context.annotation.ClassPathScanningCandidateComponentProvider - Identified candidate component class: file [C:\Users\admin\IdeaProjects\ahn-springboot-webservice\build\classes\java\main\com\ahn\book\springboot\Application.class]
10:30:05.262 [Test worker] INFO org.springframework.boot.test.context.SpringBootTestContextBootstrapper - Found @SpringBootConfiguration com.ahn.book.springboot.Application for test class com.ahn.book.springboot.web.HelloControllerTest
10:30:05.278 [Test worker] DEBUG org.springframework.boot.test.autoconfigure.web.servlet.WebMvcTestContextBootstrapper - @TestExecutionListeners is not present for class [com.ahn.book.springboot.web.HelloControllerTest]: using defaults.
10:30:05.278 [Test worker] INFO org.springframework.boot.test.autoconfigure.web.servlet.WebMvcTestContextBootstrapper - Loaded default TestExecutionListener class names from location [META-INF/spring.factories]: [org.springframework.security.test.context.support.WithSecurityContextTestExecutionListener, org.springframework.security.test.context.support.ReactorContextTestExecutionListener, org.springframework.boot.test.autoconfigure.restdocs.RestDocsTestExecutionListener, org.springframework.boot.test.autoconfigure.web.client.MockRestServiceServerResetTestExecutionListener, org.springframework.boot.test.autoconfigure.web.servlet.MockMvcPrintOnlyOnFailureTestExecutionListener, org.springframework.boot.test.autoconfigure.web.servlet.WebDriverTestExecutionListener, org.springframework.boot.test.mock.mockito.MockitoTestExecutionListener, org.springframework.boot.test.mock.mockito.ResetMocksTestExecutionListener, org.springframework.test.context.web.ServletTestExecutionListener, org.springframework.test.context.support.DirtiesContextBeforeModesTestExecutionListener, org.springframework.test.context.support.DependencyInjectionTestExecutionListener, org.springframework.test.context.support.DirtiesContextTestExecutionListener, org.springframework.test.context.transaction.TransactionalTestExecutionListener, org.springframework.test.context.jdbc.SqlScriptsTestExecutionListener]
10:30:05.293 [Test worker] INFO org.springframework.boot.test.autoconfigure.web.servlet.WebMvcTestContextBootstrapper - Using TestExecutionListeners: [org.springframework.test.context.web.ServletTestExecutionListener@2fc829af, org.springframework.test.context.support.DirtiesContextBeforeModesTestExecutionListener@6359917e, org.springframework.boot.test.mock.mockito.MockitoTestExecutionListener@3e628688, org.springframework.boot.test.autoconfigure.SpringBootDependencyInjectionTestExecutionListener@7f31867d, org.springframework.test.context.support.DirtiesContextTestExecutionListener@115a5d65, org.springframework.test.context.transaction.TransactionalTestExecutionListener@3e27fc51, org.springframework.test.context.jdbc.SqlScriptsTestExecutionListener@14db6bdb, org.springframework.security.test.context.support.WithSecurityContextTestExecutionListener@672a1553, org.springframework.security.test.context.support.ReactorContextTestExecutionListener@24d8dda6, org.springframework.boot.test.autoconfigure.restdocs.RestDocsTestExecutionListener@251c6818, org.springframework.boot.test.autoconfigure.web.client.MockRestServiceServerResetTestExecutionListener@6ad65ad3, org.springframework.boot.test.autoconfigure.web.servlet.MockMvcPrintOnlyOnFailureTestExecutionListener@5d615a57, org.springframework.boot.test.autoconfigure.web.servlet.WebDriverTestExecutionListener@3fb689b0, org.springframework.boot.test.mock.mockito.ResetMocksTestExecutionListener@792c6af6]
10:30:05.309 [Test worker] DEBUG org.springframework.test.annotation.ProfileValueUtils - Retrieved @ProfileValueSourceConfiguration [null] for test class [com.ahn.book.springboot.web.HelloControllerTest]
10:30:05.309 [Test worker] DEBUG org.springframework.test.annotation.ProfileValueUtils - Retrieved ProfileValueSource type [class org.springframework.test.annotation.SystemProfileValueSource] for class [com.ahn.book.springboot.web.HelloControllerTest]
10:30:05.309 [Test worker] DEBUG org.springframework.test.annotation.ProfileValueUtils - Retrieved @ProfileValueSourceConfiguration [null] for test class [com.ahn.book.springboot.web.HelloControllerTest]
10:30:05.309 [Test worker] DEBUG org.springframework.test.annotation.ProfileValueUtils - Retrieved ProfileValueSource type [class org.springframework.test.annotation.SystemProfileValueSource] for class [com.ahn.book.springboot.web.HelloControllerTest]
10:30:05.309 [Test worker] DEBUG org.springframework.test.context.support.AbstractDirtiesContextTestExecutionListener - Before test class: context [DefaultTestContext@5310e2e3 testClass = HelloControllerTest, testInstance = [null], testMethod = [null], testException = [null], mergedContextConfiguration = [WebMergedContextConfiguration@709039b0 testClass = HelloControllerTest, locations = '{}', classes = '{class com.ahn.book.springboot.Application}', contextInitializerClasses = '[]', activeProfiles = '{}', propertySourceLocations = '{}', propertySourceProperties = '{org.springframework.boot.test.autoconfigure.web.servlet.WebMvcTestContextBootstrapper=true}', contextCustomizers = set[org.springframework.boot.test.autoconfigure.OverrideAutoConfigurationContextCustomizerFactory$DisableAutoConfigurationContextCustomizer@394a2ea9, org.springframework.boot.test.autoconfigure.filter.TypeExcludeFiltersContextCustomizer@1c5b32f, org.springframework.boot.test.autoconfigure.properties.PropertyMappingContextCustomizer@ea4139cd, org.springframework.boot.test.autoconfigure.web.servlet.WebDriverContextCustomizerFactory$Customizer@211a6070, [ImportsContextCustomizer@7987a45b key = [org.springframework.boot.autoconfigure.cache.CacheAutoConfiguration, org.springframework.boot.autoconfigure.context.MessageSourceAutoConfiguration, org.springframework.boot.autoconfigure.data.web.SpringDataWebAutoConfiguration, org.springframework.boot.autoconfigure.freemarker.FreeMarkerAutoConfiguration, org.springframework.boot.autoconfigure.groovy.template.GroovyTemplateAutoConfiguration, org.springframework.boot.autoconfigure.gson.GsonAutoConfiguration, org.springframework.boot.autoconfigure.hateoas.HypermediaAutoConfiguration, org.springframework.boot.autoconfigure.http.HttpMessageConvertersAutoConfiguration, org.springframework.boot.autoconfigure.jackson.JacksonAutoConfiguration, org.springframework.boot.autoconfigure.jsonb.JsonbAutoConfiguration, org.springframework.boot.autoconfigure.mustache.MustacheAutoConfiguration, org.springframework.boot.autoconfigure.task.TaskExecutionAutoConfiguration, org.springframework.boot.autoconfigure.thymeleaf.ThymeleafAutoConfiguration, org.springframework.boot.autoconfigure.validation.ValidationAutoConfiguration, org.springframework.boot.autoconfigure.web.servlet.error.ErrorMvcAutoConfiguration, org.springframework.boot.autoconfigure.web.servlet.WebMvcAutoConfiguration, org.springframework.boot.test.autoconfigure.web.servlet.MockMvcAutoConfiguration, org.springframework.boot.test.autoconfigure.web.servlet.MockMvcSecurityAutoConfiguration, org.springframework.boot.test.autoconfigure.web.servlet.MockMvcWebClientAutoConfiguration, org.springframework.boot.test.autoconfigure.web.servlet.MockMvcWebDriverAutoConfiguration]], org.springframework.boot.test.context.filter.ExcludeFilterContextCustomizer@cfd8ebc, org.springframework.boot.test.json.DuplicateJsonObjectContextCustomizerFactory$DuplicateJsonObjectContextCustomizer@51ebc7b7, org.springframework.boot.test.mock.mockito.MockitoContextCustomizer@0], resourceBasePath = 'src/main/webapp', contextLoader = 'org.springframework.boot.test.context.SpringBootContextLoader', parent = [null]], attributes = map[[empty]]], class annotated with @DirtiesContext [false] with mode [null].
10:30:05.309 [Test worker] DEBUG org.springframework.test.annotation.ProfileValueUtils - Retrieved @ProfileValueSourceConfiguration [null] for test class [com.ahn.book.springboot.web.HelloControllerTest]
10:30:05.309 [Test worker] DEBUG org.springframework.test.annotation.ProfileValueUtils - Retrieved ProfileValueSource type [class org.springframework.test.annotation.SystemProfileValueSource] for class [com.ahn.book.springboot.web.HelloControllerTest]
10:30:05.325 [Test worker] DEBUG org.springframework.test.context.support.DependencyInjectionTestExecutionListener - Performing dependency injection for test context [[DefaultTestContext@5310e2e3 testClass = HelloControllerTest, testInstance = com.ahn.book.springboot.web.HelloControllerTest@247f649b, testMethod = [null], testException = [null], mergedContextConfiguration = [WebMergedContextConfiguration@709039b0 testClass = HelloControllerTest, locations = '{}', classes = '{class com.ahn.book.springboot.Application}', contextInitializerClasses = '[]', activeProfiles = '{}', propertySourceLocations = '{}', propertySourceProperties = '{org.springframework.boot.test.autoconfigure.web.servlet.WebMvcTestContextBootstrapper=true}', contextCustomizers = set[org.springframework.boot.test.autoconfigure.OverrideAutoConfigurationContextCustomizerFactory$DisableAutoConfigurationContextCustomizer@394a2ea9, org.springframework.boot.test.autoconfigure.filter.TypeExcludeFiltersContextCustomizer@1c5b32f, org.springframework.boot.test.autoconfigure.properties.PropertyMappingContextCustomizer@ea4139cd, org.springframework.boot.test.autoconfigure.web.servlet.WebDriverContextCustomizerFactory$Customizer@211a6070, [ImportsContextCustomizer@7987a45b key = [org.springframework.boot.autoconfigure.cache.CacheAutoConfiguration, org.springframework.boot.autoconfigure.context.MessageSourceAutoConfiguration, org.springframework.boot.autoconfigure.data.web.SpringDataWebAutoConfiguration, org.springframework.boot.autoconfigure.freemarker.FreeMarkerAutoConfiguration, org.springframework.boot.autoconfigure.groovy.template.GroovyTemplateAutoConfiguration, org.springframework.boot.autoconfigure.gson.GsonAutoConfiguration, org.springframework.boot.autoconfigure.hateoas.HypermediaAutoConfiguration, org.springframework.boot.autoconfigure.http.HttpMessageConvertersAutoConfiguration, org.springframework.boot.autoconfigure.jackson.JacksonAutoConfiguration, org.springframework.boot.autoconfigure.jsonb.JsonbAutoConfiguration, org.springframework.boot.autoconfigure.mustache.MustacheAutoConfiguration, org.springframework.boot.autoconfigure.task.TaskExecutionAutoConfiguration, org.springframework.boot.autoconfigure.thymeleaf.ThymeleafAutoConfiguration, org.springframework.boot.autoconfigure.validation.ValidationAutoConfiguration, org.springframework.boot.autoconfigure.web.servlet.error.ErrorMvcAutoConfiguration, org.springframework.boot.autoconfigure.web.servlet.WebMvcAutoConfiguration, org.springframework.boot.test.autoconfigure.web.servlet.MockMvcAutoConfiguration, org.springframework.boot.test.autoconfigure.web.servlet.MockMvcSecurityAutoConfiguration, org.springframework.boot.test.autoconfigure.web.servlet.MockMvcWebClientAutoConfiguration, org.springframework.boot.test.autoconfigure.web.servlet.MockMvcWebDriverAutoConfiguration]], org.springframework.boot.test.context.filter.ExcludeFilterContextCustomizer@cfd8ebc, org.springframework.boot.test.json.DuplicateJsonObjectContextCustomizerFactory$DuplicateJsonObjectContextCustomizer@51ebc7b7, org.springframework.boot.test.mock.mockito.MockitoContextCustomizer@0], resourceBasePath = 'src/main/webapp', contextLoader = 'org.springframework.boot.test.context.SpringBootContextLoader', parent = [null]], attributes = map[[empty]]]].
10:30:05.450 [Test worker] DEBUG org.springframework.test.context.support.TestPropertySourceUtils - Adding inlined properties to environment: {spring.jmx.enabled=false, org.springframework.boot.test.autoconfigure.web.servlet.WebMvcTestContextBootstrapper=true, server.port=-1}

  .   ____          _            __ _ _
 /\\ / ___'_ __ _ _(_)_ __  __ _ \ \ \ \
( ( )\___ | '_ | '_| | '_ \/ _` | \ \ \ \
 \\/  ___)| |_)| | | | | || (_| |  ) ) ) )
  '  |____| .__|_| |_|_| |_\__, | / / / /
 =========|_|==============|___/=/_/_/_/
 :: Spring Boot ::        (v2.1.7.RELEASE)

2020-05-20 10:30:05.715  INFO 10008 --- [    Test worker] c.a.b.s.web.HelloControllerTest          : Starting HelloControllerTest on DESKTOP-M250F81 with PID 10008 (started by admin in C:\Users\admin\IdeaProjects\ahn-springboot-webservice)
2020-05-20 10:30:05.715  INFO 10008 --- [    Test worker] c.a.b.s.web.HelloControllerTest          : No active profile set, falling back to default profiles: default
2020-05-20 10:30:07.199  INFO 10008 --- [    Test worker] o.s.s.concurrent.ThreadPoolTaskExecutor  : Initializing ExecutorService 'applicationTaskExecutor'
2020-05-20 10:30:07.293  INFO 10008 --- [    Test worker] o.s.b.a.w.s.WelcomePageHandlerMapping    : Adding welcome page template: index
2020-05-20 10:30:07.652  INFO 10008 --- [    Test worker] .s.s.UserDetailsServiceAutoConfiguration : 

Using generated security password: fedfd3a6-7139-4bd6-9471-7cc430a998e4

2020-05-20 10:30:07.918  INFO 10008 --- [    Test worker] o.s.s.web.DefaultSecurityFilterChain     : Creating filter chain: any request, [org.springframework.security.web.context.request.async.WebAsyncManagerIntegrationFilter@43597fb4, org.springframework.security.web.context.SecurityContextPersistenceFilter@1fd31141, org.springframework.security.web.header.HeaderWriterFilter@482ba1fc, org.springframework.security.web.csrf.CsrfFilter@76e72971, org.springframework.security.web.authentication.logout.LogoutFilter@7557baed, org.springframework.security.web.authentication.UsernamePasswordAuthenticationFilter@1af05d7b, org.springframework.security.web.authentication.ui.DefaultLoginPageGeneratingFilter@519a2515, org.springframework.security.web.authentication.ui.DefaultLogoutPageGeneratingFilter@4c296295, org.springframework.security.web.authentication.www.BasicAuthenticationFilter@4237913, org.springframework.security.web.savedrequest.RequestCacheAwareFilter@68f08651, org.springframework.security.web.servletapi.SecurityContextHolderAwareRequestFilter@151760e9, org.springframework.security.web.authentication.AnonymousAuthenticationFilter@3ccdc954, org.springframework.security.web.session.SessionManagementFilter@7d33f315, org.springframework.security.web.access.ExceptionTranslationFilter@3e793bd7, org.springframework.security.web.access.intercept.FilterSecurityInterceptor@202024fc]
2020-05-20 10:30:07.980  INFO 10008 --- [    Test worker] o.s.b.t.m.w.SpringBootMockServletContext : Initializing Spring TestDispatcherServlet ''
2020-05-20 10:30:07.980  INFO 10008 --- [    Test worker] o.s.t.web.servlet.TestDispatcherServlet  : Initializing Servlet ''
2020-05-20 10:30:07.996  INFO 10008 --- [    Test worker] o.s.t.web.servlet.TestDispatcherServlet  : Completed initialization in 16 ms
2020-05-20 10:30:08.058  INFO 10008 --- [    Test worker] c.a.b.s.web.HelloControllerTest          : Started HelloControllerTest in 2.593 seconds (JVM running for 3.824)
]]></system-out>
  <system-err><![CDATA[]]></system-err>
</testsuite>
